<?xml version="1.0" encoding="UTF-8"?>
<testng-results skipped="0" failed="0" ignored="0" total="1" passed="1">
  <reporter-output>
  </reporter-output>
  <suite name="Default suite" duration-ms="13210" started-at="2019-01-21T06:40:35Z" finished-at="2019-01-21T06:40:48Z">
    <groups>
    </groups>
    <test name="Default test" duration-ms="13210" started-at="2019-01-21T06:40:35Z" finished-at="2019-01-21T06:40:48Z">
      <class name="Test.ClientSidePerfTesting">
        <test-method status="PASS" signature="test()[pri:0, instance:Test.ClientSidePerfTesting@3aefe5e5]" name="test" duration-ms="13156" started-at="2019-01-21T06:40:35Z" finished-at="2019-01-21T06:40:48Z">
          <reporter-output>
          </reporter-output>
        </test-method> <!-- test -->
      </class> <!-- Test.ClientSidePerfTesting -->
    </test> <!-- Default test -->
  </suite> <!-- Default suite -->
</testng-results>
